<?xml version="1.0" encoding="UTF-8"?>
<testsuite xmlns:xsi="http://www.w3.org/2001/XMLSchema-instance" xsi:noNamespaceSchemaLocation="https://maven.apache.org/surefire/maven-surefire-plugin/xsd/surefire-test-report-3.0.xsd" version="3.0" name="NumbersCatTest" time="0.059" tests="24" errors="0" skipped="0" failures="0">
  <properties>
[...]
</properties>
  <testcase name="donat_1000_retorna_Mil" classname="NumbersCatTest" time="0.021"/>
  <testcase name="donat_20_retorna_Vint" classname="NumbersCatTest" time="0.001"/>
  <testcase name="donat_21_retorna_Vint_i_un" classname="NumbersCatTest" time="0.004"/>
  <testcase name="donat_1_023_983" classname="NumbersCatTest" time="0.003"/>
  <testcase name="donat_1057_retorna_Mil_cinquanta_set" classname="NumbersCatTest" time="0.001"/>
  <testcase name="donat_323191" classname="NumbersCatTest" time="0"/>
  <testcase name="donat_2_retorna_Dos" classname="NumbersCatTest" time="0"/>
  <testcase name="donat_0_retorna_Zero" classname="NumbersCatTest" time="0.001"/>
  <testcase name="donat_Menys3" classname="NumbersCatTest" time="0.001"/>
  <testcase name="donat_41_retorna_Quaranta_un" classname="NumbersCatTest" time="0.001"/>
  <testcase name="donat_6_204_323" classname="NumbersCatTest" time="0.001"/>
  <testcase name="donat_100_retorna_Cent" classname="NumbersCatTest" time="0"/>
  <testcase name="donat_1237" classname="NumbersCatTest" time="0"/>
  <testcase name="donat_5123" classname="NumbersCatTest" time="0.001"/>
  <testcase name="donat_99_retorna_Noranta_nou" classname="NumbersCatTest" time="0.001"/>
  <testcase name="donat_1000000" classname="NumbersCatTest" time="0"/>
  <testcase name="donat_30" classname="NumbersCatTest" time="0"/>
  <testcase name="donat_31" classname="NumbersCatTest" time="0.001"/>
  <testcase name="donat_39" classname="NumbersCatTest" time="0.001"/>
  <testcase name="donat_40" classname="NumbersCatTest" time="0.001"/>
  <testcase name="donat_41" classname="NumbersCatTest" time="0"/>
  <testcase name="donat_999_retorna_Nou_cents_noranta_nou" classname="NumbersCatTest" time="0"/>
  <testcase name="donat_1_retorna_Un" classname="NumbersCatTest" time="0.001"/>
  <testcase name="donat_9_retorna_Nou" classname="NumbersCatTest" time="0.001"/>
</testsuite>